Reading netlist file: "C:\Users\phuta\Documents\GitHub\EQMAT5\eq-controller\impl\gwsynthesis\eq-controller.vg"
Parsing netlist file "C:\Users\phuta\Documents\GitHub\EQMAT5\eq-controller\impl\gwsynthesis\eq-controller.vg" completed
Processing netlist completed
Reading constraint file: "C:\Users\phuta\Documents\GitHub\EQMAT5\eq-controller\src\eq-controller.cst"
Physical Constraint parsed completed
Running placement......
[10%] Placement Phase 0 completed
[20%] Placement Phase 1 completed
[30%] Placement Phase 2 completed
[50%] Placement Phase 3 completed
Running routing......
[60%] Routing Phase 0 completed
[70%] Routing Phase 1 completed
[80%] Routing Phase 2 completed
[90%] Routing Phase 3 completed
Running timing analysis......
[95%] Timing analysis completed
Placement and routing completed
Bitstream generation in progress......
Bitstream generation completed
Running power analysis......
[100%] Power analysis completed
Generate file "C:\Users\phuta\Documents\GitHub\EQMAT5\eq-controller\impl\pnr\eq-controller.power.html" completed
Generate file "C:\Users\phuta\Documents\GitHub\EQMAT5\eq-controller\impl\pnr\eq-controller.pin.html" completed
Generate file "C:\Users\phuta\Documents\GitHub\EQMAT5\eq-controller\impl\pnr\eq-controller.rpt.html" completed
Generate file "C:\Users\phuta\Documents\GitHub\EQMAT5\eq-controller\impl\pnr\eq-controller.rpt.txt" completed
Generate file "C:\Users\phuta\Documents\GitHub\EQMAT5\eq-controller\impl\pnr\eq-controller.tr.html" completed
Fri Oct 25 16:29:28 2024

